This is pdfTeX, Version 3.141592653-2.6-1.40.26 (TeX Live 2024) (preloaded format=pdflatex 2024.11.13)  14 NOV 2024 17:06
entering extended mode
 restricted \write18 enabled.
 %&-line parsing enabled.
**mitthesis-defaultfonts.tex
(./mitthesis-defaultfonts.tex
LaTeX2e <2024-11-01>
L3 programming layer <2024-11-02>
File: mitthesis-defaultfonts.tex 2024/09/14 v1.05 Load Computer/Latin Modern te
xt and math fonts
! Undefined control sequence.
l.7 \ifpdftex
             
The control sequence at the end of the top line
of your error message was never \def'ed. If you have
misspelled it (e.g., `\hobx'), type `I' and the correct
spelling (e.g., `I\hbox'). Otherwise just continue,
and I'll forget about whatever was undefined.

! Undefined control sequence.
<write> 
Class \ClassName 
                           Info: Loading Computer Modern text and math fonts...
l.8 ...n text and math fonts (default for pdftex)}
                                                  
The control sequence at the end of the top line
of your error message was never \def'ed. If you have
misspelled it (e.g., `\hobx'), type `I' and the correct
spelling (e.g., `I\hbox'). Otherwise just continue,
and I'll forget about whatever was undefined.


Class  Info: Loading Computer Modern text and math fonts (default for pdftex).

(/usr/local/texlive/2024/texmf-dist/tex/latex/base/fontenc.sty
Package: fontenc 2021/04/29 v2.0v Standard LaTeX package
)
(/usr/local/texlive/2024/texmf-dist/tex/latex/tools/bm.sty
Package: bm 2023/12/19 v1.2f Bold Symbol Support (DPC/FMi)
\symboldoperators=\mathgroup4
\symboldletters=\mathgroup5
\symboldsymbols=\mathgroup6
Package bm Info: No bold for \OMX/cmex/m/n, using \pmb.
LaTeX Font Info:    Redeclaring math alphabet \mathbf on input line 149.
)
! Extra \else.
<recently read> \else 
                      
l.12 \else
          
I'm ignoring this; it doesn't match any \if.

! Undefined control sequence.
<write> 
Class \ClassName 
                           Info: Loading Latin Modern text and math fonts (d...
l.13 ... math fonts (default for unicode engines)}
                                                  
The control sequence at the end of the top line
of your error message was never \def'ed. If you have
misspelled it (e.g., `\hobx'), type `I' and the correct
spelling (e.g., `I\hbox'). Otherwise just continue,
and I'll forget about whatever was undefined.


Class  Info: Loading Latin Modern text and math fonts (default for unicode engi
nes).

(/usr/local/texlive/2024/texmf-dist/tex/latex/unicode-math/unicode-math.sty
(/usr/local/texlive/2024/texmf-dist/tex/latex/l3kernel/expl3.sty
Package: expl3 2024-11-02 L3 programming layer (loader) 

(/usr/local/texlive/2024/texmf-dist/tex/latex/l3backend/l3backend-pdftex.def
File: l3backend-pdftex.def 2024-05-08 L3 backend support: PDF output (pdfTeX)
\l__color_backend_stack_int=\count196
\l__pdf_internal_box=\box52
))
Package: unicode-math 2023/08/13 v0.8r Unicode maths in XeLaTeX and LuaLaTeX


! Package unicode-math Error: Cannot be run with pdftex!
(unicode-math)                Use XeLaTeX or LuaLaTeX instead.

Type <return> to continue.
 ...                                              
                                                  
l.40 ...ror:nn {unicode-math} {unsupported-engine}
                                                  

LaTeX does not know anything more about this error, sorry.

Try typing <return> to proceed.
If that doesn't work, type X <return> to quit.


)

! LaTeX Error: Unknown option `warnings-off={mathtools-colon,mathtools-overbrac
ket}' for package `unicode-math'.

See the LaTeX manual or LaTeX Companion for explanation.
Type  H <return>  for immediate help.
 ...                                              
                                                  
l.19 \fi
        ^^M
The option `warnings-off={mathtools-colon,mathtools-overbracket}' was not decla
red in package `unicode-math', perhaps you
misspelled its name. Try typing  <return>  to proceed.

! Extra \fi.
<recently read> \fi 
                    
l.19 \fi
        
I'm ignoring this; it doesn't match any \if.


! LaTeX Error: \usepackage before \documentclass.

See the LaTeX manual or LaTeX Companion for explanation.
Type  H <return>  for immediate help.
 ...                                              
                                                  
l.20 \usepackage[spanish]{
                          babel}
\usepackage may only appear in the document preamble, i.e.,
between \documentclass and \begin{document}.

)
! Emergency stop.
<*> mitthesis-defaultfonts.tex
                              
*** (job aborted, no legal \end found)

 
Here is how much of TeX's memory you used:
 555 strings out of 473362
 9786 string characters out of 5720989
 393333 words of memory out of 5000000
 23744 multiletter control sequences out of 15000+600000
 558832 words of font info for 37 fonts, out of 8000000 for 9000
 1141 hyphenation exceptions out of 8191
 65i,0n,79p,195b,42s stack positions out of 10000i,1000n,20000p,200000b,200000s
!  ==> Fatal error occurred, no output PDF file produced!
